Using pre-set license
Built from '2020.3/release' branch; Version is '2020.3.12f1 (b3b2c6512326) revision 11776710'; Using compiler version '192528614'; Build Type 'Release'
OS: 'Windows 10 Home Single Language; OS build 19042.1165; Version 2009; 64bit' Language: 'en' Physical Memory: 16289 MB
BatchMode: 1, IsHumanControllingUs: 0, StartBugReporterOnCrash: 0, Is64bit: 1, IsPro: 0

 COMMAND LINE ARGUMENTS:
C:\Program Files\Unity\Hub\Editor\2020.3.12f1\Editor\Unity.exe
-adb2
-batchMode
-noUpm
-name
AssetImportWorker0
-projectPath
C:/Users/cegoh/Documents/GitHub/computergame_gce/ComputerGamePractical
-logFile
Logs/AssetImportWorker0.log
-srvPort
50951
Successfully changed project path to: C:/Users/cegoh/Documents/GitHub/computergame_gce/ComputerGamePractical
C:/Users/cegoh/Documents/GitHub/computergame_gce/ComputerGamePractical
Using Asset Import Pipeline V2.
Refreshing native plugins compatible for Editor in 51.58 ms, found 3 plugins.
Preloading 0 native plugins for Editor in 0.00 ms.
Initialize engine version: 2020.3.12f1 (b3b2c6512326)
[Subsystems] Discovering subsystems at path C:/Program Files/Unity/Hub/Editor/2020.3.12f1/Editor/Data/Resources/UnitySubsystems
[Subsystems] Discovering subsystems at path C:/Users/cegoh/Documents/GitHub/computergame_gce/ComputerGamePractical/Assets
GfxDevice: creating device client; threaded=0
Direct3D:
    Version:  Direct3D 11.0 [level 11.1]
    Renderer: NVIDIA GeForce GTX 1070 (ID=0x1b81)
    Vendor:   
    VRAM:     8088 MB
    Driver:   23.21.13.9125
Initialize mono
Mono path[0] = 'C:/Program Files/Unity/Hub/Editor/2020.3.12f1/Editor/Data/Managed'
Mono path[1] = 'C:/Program Files/Unity/Hub/Editor/2020.3.12f1/Editor/Data/MonoBleedingEdge/lib/mono/unityjit'
Mono config path = 'C:/Program Files/Unity/Hub/Editor/2020.3.12f1/Editor/Data/MonoBleedingEdge/etc'
Using monoOptions --debugger-agent=transport=dt_socket,embedding=1,server=y,suspend=n,address=127.0.0.1:56776
Begin MonoManager ReloadAssembly
Registering precompiled unity dll's ...
Register platform support module: C:/Program Files/Unity/Hub/Editor/2020.3.12f1/Editor/Data/PlaybackEngines/WindowsStandaloneSupport/UnityEditor.WindowsStandalone.Extensions.dll
Registered in 0.010260 seconds.
Native extension for WindowsStandalone target not found
Refreshing native plugins compatible for Editor in 51.10 ms, found 3 plugins.
Preloading 0 native plugins for Editor in 0.00 ms.
Unable to find bridge dll in registry for Microsoft Visual Studio Tools for Unity for C:\Program Files (x86)\Microsoft Visual Studio\2019\Community\Common7\IDE\devenv.exe
Mono: successfully reloaded assembly
- Completed reload, in  1.341 seconds
Platform modules already initialized, skipping
Registering precompiled user dll's ...
Registered in 0.017654 seconds.
Begin MonoManager ReloadAssembly
Native extension for WindowsStandalone target not found
Refreshing native plugins compatible for Editor in 39.17 ms, found 3 plugins.
Preloading 0 native plugins for Editor in 0.00 ms.
Mono: successfully reloaded assembly
- Completed reload, in  1.456 seconds
Platform modules already initialized, skipping
========================================================================
Worker process is ready to serve import requests
Launched and connected shader compiler UnityShaderCompiler.exe after 0.15 seconds
Refreshing native plugins compatible for Editor in 0.85 ms, found 3 plugins.
Preloading 0 native plugins for Editor in 0.00 ms.
Unloading 2080 Unused Serialized files (Serialized files now loaded: 0)
System memory in use before: 92.8 MB.
System memory in use after: 92.7 MB.

Unloading 33 unused Assets to reduce memory usage. Loaded Objects now: 2513.
Total: 4.140200 ms (FindLiveObjects: 0.476900 ms CreateObjectMapping: 0.240400 ms MarkObjects: 3.236600 ms  DeleteObjects: 0.184700 ms)

AssetImportParameters requested are different than current active one (requested -> active):
  custom:framework-win-MediaFoundation: 216162199b28c13a410421893ffa2e32 -> 
  custom:video-decoder-ogg-theora: a1e56fd34408186e4bbccfd4996cb3dc -> 
  custom:container-muxer-webm: aa71ff27fc2769a1b78a27578f13a17b -> 
  custom:container-demuxer-webm: 4f35f7cbe854078d1ac9338744f61a02 -> 
  custom:container-demuxer-ogg: 62fdf1f143b41e24485cea50d1cbac27 -> 
  custom:video-encoder-webm-vp8: eb34c28f22e8b96e1ab97ce403110664 -> 
  custom:video-codec-MediaFoundation-h265: 746d11721c4dcdbdad8f713fa42b33f4 -> 
  custom:video-decoder-webm-vp8: 9c59270c3fd7afecdb556c50c9e8de78 -> 
  custom:audio-decoder-ogg-vorbis: bf7c407c2cedff20999df2af8eb42d56 -> 
  custom:audio-encoder-webm-vorbis: bf7c407c2cedff20999df2af8eb42d56 -> 
========================================================================
Received Import Request.
  path: Assets/Sprites/Move Foward.png
  artifactKey: Guid(d27c7f864fcaba54f917a46b5adfaf5e) Importer(815301076,1909f56bfc062723c751e8b465ee728b)
Start importing Assets/Sprites/Move Foward.png using Guid(d27c7f864fcaba54f917a46b5adfaf5e) Importer(815301076,1909f56bfc062723c751e8b465ee728b)  -> (artifact id: '17793fdcbc6d784bfef02529b394f9fd') in 0.145353 seconds 
  Import took 0.149323 seconds .

========================================================================
Received Import Request.
  Time since last request: 0.000528 seconds.
  path: Assets/Sprites
  artifactKey: Guid(c3e4accfd01fbfb49a3a92183368b088) Importer(815301076,1909f56bfc062723c751e8b465ee728b)
Start importing Assets/Sprites using Guid(c3e4accfd01fbfb49a3a92183368b088) Importer(815301076,1909f56bfc062723c751e8b465ee728b)  -> (artifact id: '101776da727d6a65510a1c621e5055e7') in 0.007356 seconds 
  Import took 0.010758 seconds .

========================================================================
Received Import Request.
  Time since last request: 0.000268 seconds.
  path: Assets/Sprites/Move Right.png
  artifactKey: Guid(669762f287eeb5341860b8ce33c7ec36) Importer(815301076,1909f56bfc062723c751e8b465ee728b)
Start importing Assets/Sprites/Move Right.png using Guid(669762f287eeb5341860b8ce33c7ec36) Importer(815301076,1909f56bfc062723c751e8b465ee728b)  -> (artifact id: '3c3ed721d6453c299ee39b9fd7b13a82') in 0.022437 seconds 
  Import took 0.026679 seconds .

========================================================================
Received Import Request.
  Time since last request: 0.000291 seconds.
  path: Assets/Sprites/Attack forward.png
  artifactKey: Guid(987672a39c3efb54b86e07439fb08841) Importer(815301076,1909f56bfc062723c751e8b465ee728b)
Start importing Assets/Sprites/Attack forward.png using Guid(987672a39c3efb54b86e07439fb08841) Importer(815301076,1909f56bfc062723c751e8b465ee728b)  -> (artifact id: '7a8ef2215ec7c25288d752b6dd4a4f1b') in 0.020366 seconds 
  Import took 0.023676 seconds .

========================================================================
Received Import Request.
  Time since last request: 0.000311 seconds.
  path: Assets/Sprites/Attack Left.png
  artifactKey: Guid(983ec456d47412649ba6e790b20c49f3) Importer(815301076,1909f56bfc062723c751e8b465ee728b)
Start importing Assets/Sprites/Attack Left.png using Guid(983ec456d47412649ba6e790b20c49f3) Importer(815301076,1909f56bfc062723c751e8b465ee728b)  -> (artifact id: 'c9d735613fae284cd1c1c46e6c35c2c6') in 0.022668 seconds 
  Import took 0.026998 seconds .

========================================================================
Received Import Request.
  Time since last request: 0.000247 seconds.
  path: Assets/Sprites/Explosion.png
  artifactKey: Guid(8bc91d09b65aaae4aa3a42cf8e5e0a89) Importer(815301076,1909f56bfc062723c751e8b465ee728b)
Start importing Assets/Sprites/Explosion.png using Guid(8bc91d09b65aaae4aa3a42cf8e5e0a89) Importer(815301076,1909f56bfc062723c751e8b465ee728b)  -> (artifact id: 'cc137b061da4a83bb5282aa40ef3e34d') in 0.021814 seconds 
  Import took 0.026564 seconds .

========================================================================
Received Import Request.
  Time since last request: 0.000310 seconds.
  path: Assets/Sprites/Attack Right.png
  artifactKey: Guid(36548c7bb71b0654eaa1fd1466d224ee) Importer(815301076,1909f56bfc062723c751e8b465ee728b)
Start importing Assets/Sprites/Attack Right.png using Guid(36548c7bb71b0654eaa1fd1466d224ee) Importer(815301076,1909f56bfc062723c751e8b465ee728b)  -> (artifact id: '2bf5039fb6dd915e67b674f04212ec1d') in 0.017674 seconds 
  Import took 0.021654 seconds .

========================================================================
Received Import Request.
  Time since last request: 0.000242 seconds.
  path: Assets/Sprites/Gems.png
  artifactKey: Guid(9775a0d2d648f6643ac5cd6bf45823ce) Importer(815301076,1909f56bfc062723c751e8b465ee728b)
Start importing Assets/Sprites/Gems.png using Guid(9775a0d2d648f6643ac5cd6bf45823ce) Importer(815301076,1909f56bfc062723c751e8b465ee728b)  -> (artifact id: '3503727ed26745d82040a12e496e384d') in 0.042966 seconds 
  Import took 0.046650 seconds .

========================================================================
Received Import Request.
  Time since last request: 0.000267 seconds.
  path: Assets/Sprites/Move Backward.png
  artifactKey: Guid(9cad4ade2b01bf4458085d37fcc06202) Importer(815301076,1909f56bfc062723c751e8b465ee728b)
Start importing Assets/Sprites/Move Backward.png using Guid(9cad4ade2b01bf4458085d37fcc06202) Importer(815301076,1909f56bfc062723c751e8b465ee728b)  -> (artifact id: 'b34a2af0d4c8a93b4a626cd40c568e84') in 0.015563 seconds 
  Import took 0.019503 seconds .

========================================================================
Received Import Request.
  Time since last request: 0.000290 seconds.
  path: Assets/Sprites/ZombieSheet.png
  artifactKey: Guid(b8b919b895307414392e692d2c496be8) Importer(815301076,1909f56bfc062723c751e8b465ee728b)
Start importing Assets/Sprites/ZombieSheet.png using Guid(b8b919b895307414392e692d2c496be8) Importer(815301076,1909f56bfc062723c751e8b465ee728b)  -> (artifact id: '1778acb9e9f7e3f1d3f9d04f4519e502') in 0.022275 seconds 
  Import took 0.025384 seconds .

========================================================================
Received Import Request.
  Time since last request: 0.000428 seconds.
  path: Assets/Sprites/Idle Backward.png
  artifactKey: Guid(176e0abeb1453b3458ce9787bb72daa2) Importer(815301076,1909f56bfc062723c751e8b465ee728b)
Start importing Assets/Sprites/Idle Backward.png using Guid(176e0abeb1453b3458ce9787bb72daa2) Importer(815301076,1909f56bfc062723c751e8b465ee728b)  -> (artifact id: 'dc7b4abd14d802d9172123a10cd919f6') in 0.017996 seconds 
  Import took 0.022306 seconds .

========================================================================
Received Import Request.
  Time since last request: 0.000360 seconds.
  path: Assets/Sprites/Idle Forward.png
  artifactKey: Guid(00b1dac5290a9504dac524bf82679f60) Importer(815301076,1909f56bfc062723c751e8b465ee728b)
Start importing Assets/Sprites/Idle Forward.png using Guid(00b1dac5290a9504dac524bf82679f60) Importer(815301076,1909f56bfc062723c751e8b465ee728b)  -> (artifact id: 'f73dd639a3a4e0b20d36a7dca0fe26af') in 0.018094 seconds 
  Import took 0.022447 seconds .

========================================================================
Received Import Request.
  Time since last request: 0.000267 seconds.
  path: Assets/Sprites/Idle Right.png
  artifactKey: Guid(dcdf972c826707e4fa7d670288cc0de3) Importer(815301076,1909f56bfc062723c751e8b465ee728b)
Start importing Assets/Sprites/Idle Right.png using Guid(dcdf972c826707e4fa7d670288cc0de3) Importer(815301076,1909f56bfc062723c751e8b465ee728b)  -> (artifact id: '6f80180672e76e86d22ac4e719795cba') in 0.024844 seconds 
  Import took 0.028699 seconds .

========================================================================
Received Import Request.
  Time since last request: 0.000247 seconds.
  path: Assets/Sprites/Idle Left.png
  artifactKey: Guid(28fce7c1192f95f43a94d44eed0b8e8a) Importer(815301076,1909f56bfc062723c751e8b465ee728b)
Start importing Assets/Sprites/Idle Left.png using Guid(28fce7c1192f95f43a94d44eed0b8e8a) Importer(815301076,1909f56bfc062723c751e8b465ee728b)  -> (artifact id: 'e162b2898efa235e363d59b2f5dbbaee') in 0.020773 seconds 
  Import took 0.026254 seconds .

========================================================================
Received Import Request.
  Time since last request: 0.000526 seconds.
  path: Assets/Sprites/Move Left.png
  artifactKey: Guid(3953674d1cbfcd44ca840549b5558489) Importer(815301076,1909f56bfc062723c751e8b465ee728b)
Start importing Assets/Sprites/Move Left.png using Guid(3953674d1cbfcd44ca840549b5558489) Importer(815301076,1909f56bfc062723c751e8b465ee728b)  -> (artifact id: '87156e54b25681d1359f5c25bbec7aae') in 0.035363 seconds 
  Import took 0.040884 seconds .

========================================================================
Received Import Request.
  Time since last request: 287.449093 seconds.
  path: Assets/Sprites/Idle Right.png
  artifactKey: Guid(dcdf972c826707e4fa7d670288cc0de3) Importer(815301076,1909f56bfc062723c751e8b465ee728b)
Start importing Assets/Sprites/Idle Right.png using Guid(dcdf972c826707e4fa7d670288cc0de3) Importer(815301076,1909f56bfc062723c751e8b465ee728b)  -> (artifact id: '7570b7a4b2dd847884a7c2ebe0373695') in 0.020418 seconds 
  Import took 0.026065 seconds .

========================================================================
Received Import Request.
  Time since last request: 304.629877 seconds.
  path: Assets/Sprites/Idle Right.png
  artifactKey: Guid(dcdf972c826707e4fa7d670288cc0de3) Importer(815301076,1909f56bfc062723c751e8b465ee728b)
Start importing Assets/Sprites/Idle Right.png using Guid(dcdf972c826707e4fa7d670288cc0de3) Importer(815301076,1909f56bfc062723c751e8b465ee728b)  -> (artifact id: 'aef8edbbb4cbb6ef7522cbb19ecabf18') in 0.035194 seconds 
  Import took 0.040667 seconds .

========================================================================
Received Import Request.
  Time since last request: 91.010395 seconds.
  path: Assets/Sprites/Attack forward.png
  artifactKey: Guid(987672a39c3efb54b86e07439fb08841) Importer(815301076,1909f56bfc062723c751e8b465ee728b)
Start importing Assets/Sprites/Attack forward.png using Guid(987672a39c3efb54b86e07439fb08841) Importer(815301076,1909f56bfc062723c751e8b465ee728b)  -> (artifact id: 'c487c265afcfde359b18a2fc7e297532') in 0.014631 seconds 
  Import took 0.017909 seconds .

========================================================================
Received Import Request.
  Time since last request: 21.762463 seconds.
  path: Assets/Sprites/Attack forward.png
  artifactKey: Guid(987672a39c3efb54b86e07439fb08841) Importer(815301076,1909f56bfc062723c751e8b465ee728b)
Start importing Assets/Sprites/Attack forward.png using Guid(987672a39c3efb54b86e07439fb08841) Importer(815301076,1909f56bfc062723c751e8b465ee728b)  -> (artifact id: '1131a6e437593459c0e2bcca866d7aa7') in 0.020834 seconds 
  Import took 0.024980 seconds .

========================================================================
Received Import Request.
  Time since last request: 33.562873 seconds.
  path: Assets/Sprites/Attack Left.png
  artifactKey: Guid(983ec456d47412649ba6e790b20c49f3) Importer(815301076,1909f56bfc062723c751e8b465ee728b)
Start importing Assets/Sprites/Attack Left.png using Guid(983ec456d47412649ba6e790b20c49f3) Importer(815301076,1909f56bfc062723c751e8b465ee728b)  -> (artifact id: '543bec077381a9bfcd1045ae7cd7a50f') in 0.013914 seconds 
  Import took 0.017003 seconds .

========================================================================
Received Import Request.
  Time since last request: 9.209077 seconds.
  path: Assets/Sprites/Attack Left.png
  artifactKey: Guid(983ec456d47412649ba6e790b20c49f3) Importer(815301076,1909f56bfc062723c751e8b465ee728b)
Start importing Assets/Sprites/Attack Left.png using Guid(983ec456d47412649ba6e790b20c49f3) Importer(815301076,1909f56bfc062723c751e8b465ee728b)  -> (artifact id: '9572e378d1cb6b9f963c0c3e6f18ebc0') in 0.017555 seconds 
  Import took 0.020907 seconds .

========================================================================
Received Import Request.
  Time since last request: 27.210208 seconds.
  path: Assets/Sprites/Attack Right.png
  artifactKey: Guid(36548c7bb71b0654eaa1fd1466d224ee) Importer(815301076,1909f56bfc062723c751e8b465ee728b)
Start importing Assets/Sprites/Attack Right.png using Guid(36548c7bb71b0654eaa1fd1466d224ee) Importer(815301076,1909f56bfc062723c751e8b465ee728b)  -> (artifact id: 'd4e99234b9333b8e69f87b75dc40b47c') in 0.012755 seconds 
  Import took 0.015968 seconds .

========================================================================
Received Import Request.
  Time since last request: 17.205397 seconds.
  path: Assets/Sprites/Explosion.png
  artifactKey: Guid(8bc91d09b65aaae4aa3a42cf8e5e0a89) Importer(815301076,1909f56bfc062723c751e8b465ee728b)
Start importing Assets/Sprites/Explosion.png using Guid(8bc91d09b65aaae4aa3a42cf8e5e0a89) Importer(815301076,1909f56bfc062723c751e8b465ee728b)  -> (artifact id: 'b5e30b1736c78dd8fcf0cbae2044c14e') in 0.014741 seconds 
  Import took 0.017851 seconds .

========================================================================
Received Import Request.
  Time since last request: 27.064734 seconds.
  path: Assets/Sprites/Explosion.png
  artifactKey: Guid(8bc91d09b65aaae4aa3a42cf8e5e0a89) Importer(815301076,1909f56bfc062723c751e8b465ee728b)
Start importing Assets/Sprites/Explosion.png using Guid(8bc91d09b65aaae4aa3a42cf8e5e0a89) Importer(815301076,1909f56bfc062723c751e8b465ee728b)  -> (artifact id: 'ee4849ce4027fb2b2e3a5dc2bf053153') in 0.046938 seconds 
  Import took 0.050502 seconds .

========================================================================
Received Import Request.
  Time since last request: 15.915463 seconds.
  path: Assets/Sprites/Gems.png
  artifactKey: Guid(9775a0d2d648f6643ac5cd6bf45823ce) Importer(815301076,1909f56bfc062723c751e8b465ee728b)
Start importing Assets/Sprites/Gems.png using Guid(9775a0d2d648f6643ac5cd6bf45823ce) Importer(815301076,1909f56bfc062723c751e8b465ee728b)  -> (artifact id: 'e38f5581212ce1990ab9adfda51b72d5') in 0.012819 seconds 
  Import took 0.016215 seconds .

========================================================================
Received Import Request.
  Time since last request: 9.857869 seconds.
  path: Assets/Sprites/Gems.png
  artifactKey: Guid(9775a0d2d648f6643ac5cd6bf45823ce) Importer(815301076,1909f56bfc062723c751e8b465ee728b)
Start importing Assets/Sprites/Gems.png using Guid(9775a0d2d648f6643ac5cd6bf45823ce) Importer(815301076,1909f56bfc062723c751e8b465ee728b)  -> (artifact id: '9968bd17a22e23e630433a3a8887607e') in 0.026501 seconds 
  Import took 0.030976 seconds .

========================================================================
Received Import Request.
  Time since last request: 12.844513 seconds.
  path: Assets/Sprites/Idle Backward.png
  artifactKey: Guid(176e0abeb1453b3458ce9787bb72daa2) Importer(815301076,1909f56bfc062723c751e8b465ee728b)
Start importing Assets/Sprites/Idle Backward.png using Guid(176e0abeb1453b3458ce9787bb72daa2) Importer(815301076,1909f56bfc062723c751e8b465ee728b)  -> (artifact id: '590103ea31c26bb189bc2a1b690fbeb9') in 0.013684 seconds 
  Import took 0.017116 seconds .

========================================================================
Received Import Request.
  Time since last request: 6.586945 seconds.
  path: Assets/Sprites/Idle Backward.png
  artifactKey: Guid(176e0abeb1453b3458ce9787bb72daa2) Importer(815301076,1909f56bfc062723c751e8b465ee728b)
Start importing Assets/Sprites/Idle Backward.png using Guid(176e0abeb1453b3458ce9787bb72daa2) Importer(815301076,1909f56bfc062723c751e8b465ee728b)  -> (artifact id: '9bc20d9af814cd889ed0332eacb76af8') in 0.021746 seconds 
  Import took 0.025400 seconds .

========================================================================
Received Import Request.
  Time since last request: 13.440556 seconds.
  path: Assets/Sprites/Idle Forward.png
  artifactKey: Guid(00b1dac5290a9504dac524bf82679f60) Importer(815301076,1909f56bfc062723c751e8b465ee728b)
Start importing Assets/Sprites/Idle Forward.png using Guid(00b1dac5290a9504dac524bf82679f60) Importer(815301076,1909f56bfc062723c751e8b465ee728b)  -> (artifact id: '14e3d06c03d844eeb9d390b34d7e7305') in 0.013058 seconds 
  Import took 0.016299 seconds .

========================================================================
Received Import Request.
  Time since last request: 5.783792 seconds.
  path: Assets/Sprites/Idle Forward.png
  artifactKey: Guid(00b1dac5290a9504dac524bf82679f60) Importer(815301076,1909f56bfc062723c751e8b465ee728b)
Start importing Assets/Sprites/Idle Forward.png using Guid(00b1dac5290a9504dac524bf82679f60) Importer(815301076,1909f56bfc062723c751e8b465ee728b)  -> (artifact id: 'd2290696720295d34e51b4932a3cb8c2') in 0.021298 seconds 
  Import took 0.025544 seconds .

========================================================================
Received Import Request.
  Time since last request: 17.250341 seconds.
  path: Assets/Sprites/Move Backward.png
  artifactKey: Guid(9cad4ade2b01bf4458085d37fcc06202) Importer(815301076,1909f56bfc062723c751e8b465ee728b)
Start importing Assets/Sprites/Move Backward.png using Guid(9cad4ade2b01bf4458085d37fcc06202) Importer(815301076,1909f56bfc062723c751e8b465ee728b)  -> (artifact id: 'c1a5ca80adbc8a6af2b84784b05f3983') in 0.012582 seconds 
  Import took 0.015918 seconds .

========================================================================
Received Import Request.
  Time since last request: 6.271309 seconds.
  path: Assets/Sprites/Move Backward.png
  artifactKey: Guid(9cad4ade2b01bf4458085d37fcc06202) Importer(815301076,1909f56bfc062723c751e8b465ee728b)
Start importing Assets/Sprites/Move Backward.png using Guid(9cad4ade2b01bf4458085d37fcc06202) Importer(815301076,1909f56bfc062723c751e8b465ee728b)  -> (artifact id: '75bb0a268f9575371dcfc295fc8c3b8b') in 0.019661 seconds 
  Import took 0.023378 seconds .

========================================================================
Received Import Request.
  Time since last request: 24.866845 seconds.
  path: Assets/Sprites/Move Foward.png
  artifactKey: Guid(d27c7f864fcaba54f917a46b5adfaf5e) Importer(815301076,1909f56bfc062723c751e8b465ee728b)
Start importing Assets/Sprites/Move Foward.png using Guid(d27c7f864fcaba54f917a46b5adfaf5e) Importer(815301076,1909f56bfc062723c751e8b465ee728b)  -> (artifact id: '99e97741a3fd38ba62779355b9eb9487') in 0.013593 seconds 
  Import took 0.016713 seconds .

========================================================================
Received Import Request.
  Time since last request: 6.258574 seconds.
  path: Assets/Sprites/Move Foward.png
  artifactKey: Guid(d27c7f864fcaba54f917a46b5adfaf5e) Importer(815301076,1909f56bfc062723c751e8b465ee728b)
Start importing Assets/Sprites/Move Foward.png using Guid(d27c7f864fcaba54f917a46b5adfaf5e) Importer(815301076,1909f56bfc062723c751e8b465ee728b)  -> (artifact id: '7cc2e77c9a8648ca1df223f98ccc3130') in 0.019234 seconds 
  Import took 0.023073 seconds .

========================================================================
Received Import Request.
  Time since last request: 19.354632 seconds.
  path: Assets/Sprites/Move Left.png
  artifactKey: Guid(3953674d1cbfcd44ca840549b5558489) Importer(815301076,1909f56bfc062723c751e8b465ee728b)
Start importing Assets/Sprites/Move Left.png using Guid(3953674d1cbfcd44ca840549b5558489) Importer(815301076,1909f56bfc062723c751e8b465ee728b)  -> (artifact id: 'ae10f8a7d211a6b3a7ef166cb5dec5af') in 0.012882 seconds 
  Import took 0.016048 seconds .

========================================================================
Received Import Request.
  Time since last request: 9.083600 seconds.
  path: Assets/Sprites/Move Left.png
  artifactKey: Guid(3953674d1cbfcd44ca840549b5558489) Importer(815301076,1909f56bfc062723c751e8b465ee728b)
Start importing Assets/Sprites/Move Left.png using Guid(3953674d1cbfcd44ca840549b5558489) Importer(815301076,1909f56bfc062723c751e8b465ee728b)  -> (artifact id: '296cb4f786e4c80788b9a7d93b9f73e5') in 0.021117 seconds 
  Import took 0.024944 seconds .

========================================================================
Received Import Request.
  Time since last request: 32.488540 seconds.
  path: Assets/Sprites/Move Right.png
  artifactKey: Guid(669762f287eeb5341860b8ce33c7ec36) Importer(815301076,1909f56bfc062723c751e8b465ee728b)
Start importing Assets/Sprites/Move Right.png using Guid(669762f287eeb5341860b8ce33c7ec36) Importer(815301076,1909f56bfc062723c751e8b465ee728b)  -> (artifact id: '37de43b11fcb0f3c710182ce29805a96') in 0.013012 seconds 
  Import took 0.016090 seconds .

========================================================================
Received Import Request.
  Time since last request: 0.017332 seconds.
  path: Assets/Sprites/Move Right.png
  artifactKey: Guid(669762f287eeb5341860b8ce33c7ec36) Importer(815301076,1909f56bfc062723c751e8b465ee728b)
Start importing Assets/Sprites/Move Right.png using Guid(669762f287eeb5341860b8ce33c7ec36) Importer(815301076,1909f56bfc062723c751e8b465ee728b)  -> (artifact id: '37de43b11fcb0f3c710182ce29805a96') in 0.012702 seconds 
  Import took 0.016069 seconds .

========================================================================
Received Import Request.
  Time since last request: 4.929977 seconds.
  path: Assets/Sprites/Move Right.png
  artifactKey: Guid(669762f287eeb5341860b8ce33c7ec36) Importer(815301076,1909f56bfc062723c751e8b465ee728b)
Start importing Assets/Sprites/Move Right.png using Guid(669762f287eeb5341860b8ce33c7ec36) Importer(815301076,1909f56bfc062723c751e8b465ee728b)  -> (artifact id: '1bf2a49e4bab124d09d044beb8607721') in 0.019348 seconds 
  Import took 0.023572 seconds .

========================================================================
Received Import Request.
  Time since last request: 12.097143 seconds.
  path: Assets/Sprites/ZombieSheet.png
  artifactKey: Guid(b8b919b895307414392e692d2c496be8) Importer(815301076,1909f56bfc062723c751e8b465ee728b)
Start importing Assets/Sprites/ZombieSheet.png using Guid(b8b919b895307414392e692d2c496be8) Importer(815301076,1909f56bfc062723c751e8b465ee728b)  -> (artifact id: 'b9f7631dc181e051f7ea3d0d2b781f51') in 0.015742 seconds 
  Import took 0.019196 seconds .

========================================================================
Received Import Request.
  Time since last request: 57.697687 seconds.
  path: Assets/Sprites/ZombieSheet.png
  artifactKey: Guid(b8b919b895307414392e692d2c496be8) Importer(815301076,1909f56bfc062723c751e8b465ee728b)
Start importing Assets/Sprites/ZombieSheet.png using Guid(b8b919b895307414392e692d2c496be8) Importer(815301076,1909f56bfc062723c751e8b465ee728b)  -> (artifact id: 'ecd53acd55129bf48c1723762a5929b1') in 0.142010 seconds 
  Import took 0.145695 seconds .

========================================================================
Received Import Request.
  Time since last request: 278.372759 seconds.
  path: ProjectSettings/TagManager.asset
  artifactKey: Guid(00000000000000003000000000000000) Importer(815301076,1909f56bfc062723c751e8b465ee728b)
Start importing ProjectSettings/TagManager.asset using Guid(00000000000000003000000000000000) Importer(815301076,1909f56bfc062723c751e8b465ee728b)  -> (artifact id: '95df672b4aaba54310d34c83eef51bb8') in 0.019288 seconds 
  Import took 0.023280 seconds .

========================================================================
Received Import Request.
  Time since last request: 68.414938 seconds.
  path: Assets/Animations/Player.controller
  artifactKey: Guid(31c2e461feeacca4bb369abc23764d1e) Importer(815301076,1909f56bfc062723c751e8b465ee728b)
Start importing Assets/Animations/Player.controller using Guid(31c2e461feeacca4bb369abc23764d1e) Importer(815301076,1909f56bfc062723c751e8b465ee728b)  -> (artifact id: '10f764a899be3523851f48a9c235076e') in 0.019139 seconds 
  Import took 0.023672 seconds .

========================================================================
Received Import Request.
  Time since last request: 157.809646 seconds.
  path: Assets/Scenes
  artifactKey: Guid(6b46a6a6c85a7484780708c421b96b40) Importer(815301076,1909f56bfc062723c751e8b465ee728b)
Start importing Assets/Scenes using Guid(6b46a6a6c85a7484780708c421b96b40) Importer(815301076,1909f56bfc062723c751e8b465ee728b)  -> (artifact id: '279ea415f2fafdaa946f4f21490183a7') in 0.010004 seconds 
  Import took 0.014571 seconds .

========================================================================
Received Import Request.
  Time since last request: 4.342494 seconds.
  path: Assets/Animations
  artifactKey: Guid(570aa74e0bde6e748af73bab80677ed7) Importer(815301076,1909f56bfc062723c751e8b465ee728b)
Start importing Assets/Animations using Guid(570aa74e0bde6e748af73bab80677ed7) Importer(815301076,1909f56bfc062723c751e8b465ee728b)  -> (artifact id: 'df5430a9853cb74de2f4f68c9c995261') in 0.009774 seconds 
  Import took 0.013071 seconds .

========================================================================
Received Import Request.
  Time since last request: 0.699969 seconds.
  path: Assets
  artifactKey: Guid(00000000000000001000000000000000) Importer(815301076,1909f56bfc062723c751e8b465ee728b)
Start importing Assets using Guid(00000000000000001000000000000000) Importer(815301076,1909f56bfc062723c751e8b465ee728b)  -> (artifact id: '42d402b061de3733987d63b9cc3b64de') in 0.008637 seconds 
  Import took 0.011785 seconds .

========================================================================
Received Import Request.
  Time since last request: 21.809948 seconds.
  path: Assets/Prefats
  artifactKey: Guid(efc55228d76b025448959b026d792fb8) Importer(815301076,1909f56bfc062723c751e8b465ee728b)
Start importing Assets/Prefats using Guid(efc55228d76b025448959b026d792fb8) Importer(815301076,1909f56bfc062723c751e8b465ee728b)  -> (artifact id: 'a15f417bd95079084382f0cb22f8f2f5') in 0.010175 seconds 
  Import took 0.014260 seconds .

========================================================================
Received Import Request.
  Time since last request: 8.447589 seconds.
  path: Assets/Prefabs
  artifactKey: Guid(efc55228d76b025448959b026d792fb8) Importer(815301076,1909f56bfc062723c751e8b465ee728b)
Start importing Assets/Prefabs using Guid(efc55228d76b025448959b026d792fb8) Importer(815301076,1909f56bfc062723c751e8b465ee728b)  -> (artifact id: '6d651356089dda2796863dbf81d84317') in 0.009064 seconds 
  Import took 0.012909 seconds .

========================================================================
Received Import Request.
  Time since last request: 10.712392 seconds.
  path: Assets/Prefabs/Player.prefab
  artifactKey: Guid(db2c48c9dadb8b042a85979b7002d946) Importer(815301076,1909f56bfc062723c751e8b465ee728b)
Start importing Assets/Prefabs/Player.prefab using Guid(db2c48c9dadb8b042a85979b7002d946) Importer(815301076,1909f56bfc062723c751e8b465ee728b) The Animator Controller (Player) you have used is not valid. Animations will not play
UnityEngine.StackTraceUtility:ExtractStackTrace ()
UnityEditor.EditorUtility:Internal_InstantiateRemoveAllNonAnimationComponentsSingle (UnityEngine.Object,UnityEngine.Vector3,UnityEngine.Quaternion)
UnityEditor.EditorUtility:InstantiateRemoveAllNonAnimationComponents (UnityEngine.Object,UnityEngine.Vector3,UnityEngine.Quaternion)
UnityEditor.EditorUtility:InstantiateForAnimatorPreview (UnityEngine.Object)
UnityEditor.GameObjectInspector/PreviewData:UpdateGameObject (UnityEngine.Object)
UnityEditor.GameObjectInspector/PreviewData:.ctor (UnityEngine.Object)
UnityEditor.GameObjectInspector:GetPreviewData ()
UnityEditor.GameObjectInspector:RenderStaticPreview (string,UnityEngine.Object[],int,int)
UnityEditor.AssetPreviewUpdater:CreatePreviewForAsset (UnityEngine.Object,UnityEngine.Object[],string)

[C:\buildslave\unity\build\Modules/Animation/Director/AnimatorControllerPlayable.cpp line 333]

The Animator Controller (Player) you have used is not valid. Animations will not play
UnityEngine.StackTraceUtility:ExtractStackTrace ()
UnityEditor.EditorUtility:InitInstantiatedPreviewRecursive (UnityEngine.GameObject)
UnityEditor.EditorUtility:InstantiateForAnimatorPreview (UnityEngine.Object)
UnityEditor.GameObjectInspector/PreviewData:UpdateGameObject (UnityEngine.Object)
UnityEditor.GameObjectInspector/PreviewData:.ctor (UnityEngine.Object)
UnityEditor.GameObjectInspector:GetPreviewData ()
UnityEditor.GameObjectInspector:RenderStaticPreview (string,UnityEngine.Object[],int,int)
UnityEditor.AssetPreviewUpdater:CreatePreviewForAsset (UnityEngine.Object,UnityEngine.Object[],string)

[C:\buildslave\unity\build\Modules/Animation/Director/AnimatorControllerPlayable.cpp line 333]

 -> (artifact id: '2f1c562de2bb8559aecc9e915b4d5537') in 0.066313 seconds 
  Import took 0.069595 seconds .

========================================================================
Received Import Request.
  Time since last request: 0.001523 seconds.
  path: Assets/Prefabs/Player.prefab
  artifactKey: Guid(db2c48c9dadb8b042a85979b7002d946) Importer(815301076,1909f56bfc062723c751e8b465ee728b)
Start importing Assets/Prefabs/Player.prefab using Guid(db2c48c9dadb8b042a85979b7002d946) Importer(815301076,1909f56bfc062723c751e8b465ee728b) The Animator Controller (Player) you have used is not valid. Animations will not play
UnityEngine.StackTraceUtility:ExtractStackTrace ()
UnityEditor.EditorUtility:Internal_InstantiateRemoveAllNonAnimationComponentsSingle (UnityEngine.Object,UnityEngine.Vector3,UnityEngine.Quaternion)
UnityEditor.EditorUtility:InstantiateRemoveAllNonAnimationComponents (UnityEngine.Object,UnityEngine.Vector3,UnityEngine.Quaternion)
UnityEditor.EditorUtility:InstantiateForAnimatorPreview (UnityEngine.Object)
UnityEditor.GameObjectInspector/PreviewData:UpdateGameObject (UnityEngine.Object)
UnityEditor.GameObjectInspector/PreviewData:.ctor (UnityEngine.Object)
UnityEditor.GameObjectInspector:GetPreviewData ()
UnityEditor.GameObjectInspector:RenderStaticPreview (string,UnityEngine.Object[],int,int)
UnityEditor.AssetPreviewUpdater:CreatePreviewForAsset (UnityEngine.Object,UnityEngine.Object[],string)

[C:\buildslave\unity\build\Modules/Animation/Director/AnimatorControllerPlayable.cpp line 333]

The Animator Controller (Player) you have used is not valid. Animations will not play
UnityEngine.StackTraceUtility:ExtractStackTrace ()
UnityEditor.EditorUtility:InitInstantiatedPreviewRecursive (UnityEngine.GameObject)
UnityEditor.EditorUtility:InstantiateForAnimatorPreview (UnityEngine.Object)
UnityEditor.GameObjectInspector/PreviewData:UpdateGameObject (UnityEngine.Object)
UnityEditor.GameObjectInspector/PreviewData:.ctor (UnityEngine.Object)
UnityEditor.GameObjectInspector:GetPreviewData ()
UnityEditor.GameObjectInspector:RenderStaticPreview (string,UnityEngine.Object[],int,int)
UnityEditor.AssetPreviewUpdater:CreatePreviewForAsset (UnityEngine.Object,UnityEngine.Object[],string)

[C:\buildslave\unity\build\Modules/Animation/Director/AnimatorControllerPlayable.cpp line 333]

 -> (artifact id: '2f1c562de2bb8559aecc9e915b4d5537') in 0.018797 seconds 
  Import took 0.024213 seconds .

========================================================================
Received Import Request.
  Time since last request: 47.120446 seconds.
  path: Assets/Animations/PlayerIdleRight.anim
  artifactKey: Guid(74201923cfaabd04bb9ed66098193092) Importer(815301076,1909f56bfc062723c751e8b465ee728b)
Start importing Assets/Animations/PlayerIdleRight.anim using Guid(74201923cfaabd04bb9ed66098193092) Importer(815301076,1909f56bfc062723c751e8b465ee728b)  -> (artifact id: '7e4da654d4f474f9e0de86cec795530f') in 0.018913 seconds 
  Import took 0.024532 seconds .

========================================================================
Received Import Request.
  Time since last request: 245.101768 seconds.
  path: Assets/Sprites/Attack Right.png
  artifactKey: Guid(36548c7bb71b0654eaa1fd1466d224ee) Importer(815301076,1909f56bfc062723c751e8b465ee728b)
Start importing Assets/Sprites/Attack Right.png using Guid(36548c7bb71b0654eaa1fd1466d224ee) Importer(815301076,1909f56bfc062723c751e8b465ee728b)  -> (artifact id: '771799d41d21cb162d04bb5d8df80a80') in 0.012742 seconds 
  Import took 0.016504 seconds .

========================================================================
Received Import Request.
  Time since last request: 10.625452 seconds.
  path: Assets/Sprites/Attack Right.png
  artifactKey: Guid(36548c7bb71b0654eaa1fd1466d224ee) Importer(815301076,1909f56bfc062723c751e8b465ee728b)
Start importing Assets/Sprites/Attack Right.png using Guid(36548c7bb71b0654eaa1fd1466d224ee) Importer(815301076,1909f56bfc062723c751e8b465ee728b)  -> (artifact id: 'c157eda9ab76c61f8bfda4474cfc8b0e') in 0.019713 seconds 
  Import took 0.023307 seconds .

========================================================================
Received Import Request.
  Time since last request: 39.774726 seconds.
  path: Assets/Sprites/Idle Left.png
  artifactKey: Guid(28fce7c1192f95f43a94d44eed0b8e8a) Importer(815301076,1909f56bfc062723c751e8b465ee728b)
Start importing Assets/Sprites/Idle Left.png using Guid(28fce7c1192f95f43a94d44eed0b8e8a) Importer(815301076,1909f56bfc062723c751e8b465ee728b)  -> (artifact id: 'e6fba9335a433ad7b45c042a2f115833') in 0.012764 seconds 
  Import took 0.016209 seconds .

========================================================================
Received Import Request.
  Time since last request: 8.437480 seconds.
  path: Assets/Sprites/Idle Left.png
  artifactKey: Guid(28fce7c1192f95f43a94d44eed0b8e8a) Importer(815301076,1909f56bfc062723c751e8b465ee728b)
Start importing Assets/Sprites/Idle Left.png using Guid(28fce7c1192f95f43a94d44eed0b8e8a) Importer(815301076,1909f56bfc062723c751e8b465ee728b)  -> (artifact id: 'a498c89c9b5e86d64dc1250a14a8225f') in 0.019201 seconds 
  Import took 0.022564 seconds .

========================================================================
Received Import Request.
  Time since last request: 60.678616 seconds.
  path: Assets/Animations/PlayerIdleLeft.anim
  artifactKey: Guid(162ac1dc09a7f7d459350fb19df8d5e4) Importer(815301076,1909f56bfc062723c751e8b465ee728b)
Start importing Assets/Animations/PlayerIdleLeft.anim using Guid(162ac1dc09a7f7d459350fb19df8d5e4) Importer(815301076,1909f56bfc062723c751e8b465ee728b)  -> (artifact id: '801c36a0314f360fc1a924fefe57c70b') in 0.010387 seconds 
  Import took 0.013611 seconds .

========================================================================
Received Import Request.
  Time since last request: 321.063740 seconds.
  path: Assets/Animations/Player.controller
  artifactKey: Guid(31c2e461feeacca4bb369abc23764d1e) Importer(815301076,1909f56bfc062723c751e8b465ee728b)
Start importing Assets/Animations/Player.controller using Guid(31c2e461feeacca4bb369abc23764d1e) Importer(815301076,1909f56bfc062723c751e8b465ee728b)  -> (artifact id: '46bdba9d7b0bb80579d9827f9f2d3419') in 0.013139 seconds 
  Import took 0.017569 seconds .

========================================================================
Received Import Request.
  Time since last request: 0.001492 seconds.
  path: Assets/Animations/Player.controller
  artifactKey: Guid(31c2e461feeacca4bb369abc23764d1e) Importer(815301076,1909f56bfc062723c751e8b465ee728b)
Start importing Assets/Animations/Player.controller using Guid(31c2e461feeacca4bb369abc23764d1e) Importer(815301076,1909f56bfc062723c751e8b465ee728b)  -> (artifact id: '46bdba9d7b0bb80579d9827f9f2d3419') in 0.010336 seconds 
  Import took 0.013352 seconds .

========================================================================
Received Import Request.
  Time since last request: 919.877170 seconds.
  path: Assets/Backyard - Free/Separate Tiles
  artifactKey: Guid(a28ebd1124208be46b76a993b8a16012) Importer(815301076,1909f56bfc062723c751e8b465ee728b)
Start importing Assets/Backyard - Free/Separate Tiles using Guid(a28ebd1124208be46b76a993b8a16012) Importer(815301076,1909f56bfc062723c751e8b465ee728b)  -> (artifact id: '9ea6670c6def1750c9760fab6e95b4de') in 0.009022 seconds 
  Import took 0.013469 seconds .

========================================================================
Received Import Request.
  Time since last request: 6.202672 seconds.
  path: Assets/Backyard - Free/Separate Tiles/backyard_00.png
  artifactKey: Guid(c347206643c0d514294fd0eb5d4d3496) Importer(815301076,1909f56bfc062723c751e8b465ee728b)
Start importing Assets/Backyard - Free/Separate Tiles/backyard_00.png using Guid(c347206643c0d514294fd0eb5d4d3496) Importer(815301076,1909f56bfc062723c751e8b465ee728b)  -> (artifact id: '7b1eca8ada07fd02dddd0f4caf9d1183') in 0.018919 seconds 
  Import took 0.022061 seconds .

========================================================================
Received Import Request.
  Time since last request: 4.877364 seconds.
  path: Assets/Backyard - Free/Separate Tiles/backyard_19.png
  artifactKey: Guid(0b1eaa0a6e89d354dbea566e1312be7c) Importer(815301076,1909f56bfc062723c751e8b465ee728b)
Start importing Assets/Backyard - Free/Separate Tiles/backyard_19.png using Guid(0b1eaa0a6e89d354dbea566e1312be7c) Importer(815301076,1909f56bfc062723c751e8b465ee728b)  -> (artifact id: '7e6da39ea750d3e3272839fe5d6e6dbe') in 0.017322 seconds 
  Import took 0.020762 seconds .

========================================================================
Received Import Request.
  Time since last request: 538.624203 seconds.
  path: ProjectSettings/TagManager.asset
  artifactKey: Guid(00000000000000003000000000000000) Importer(815301076,1909f56bfc062723c751e8b465ee728b)
Start importing ProjectSettings/TagManager.asset using Guid(00000000000000003000000000000000) Importer(815301076,1909f56bfc062723c751e8b465ee728b)  -> (artifact id: 'aff131a4c33e4f4b786c8941ae005167') in 0.012906 seconds 
  Import took 0.018107 seconds .

========================================================================
Received Import Request.
  Time since last request: 119.384205 seconds.
  path: Assets/Animations/PlayerAttackForward.anim
  artifactKey: Guid(e23248d84f850d04787fb3906bc03179) Importer(815301076,1909f56bfc062723c751e8b465ee728b)
Start importing Assets/Animations/PlayerAttackForward.anim using Guid(e23248d84f850d04787fb3906bc03179) Importer(815301076,1909f56bfc062723c751e8b465ee728b)  -> (artifact id: '4bd2783eafe9568209e59b7c90216cee') in 0.009807 seconds 
  Import took 0.013774 seconds .

