Using pre-set license
Built from '2020.3/release' branch; Version is '2020.3.12f1 (b3b2c6512326) revision 11776710'; Using compiler version '192528614'; Build Type 'Release'
OS: 'Windows 10 Home Single Language; OS build 19042.1110; Version 2009; 64bit' Language: 'en' Physical Memory: 16289 MB
BatchMode: 1, IsHumanControllingUs: 0, StartBugReporterOnCrash: 0, Is64bit: 1, IsPro: 0

 COMMAND LINE ARGUMENTS:
C:\Program Files\Unity\Hub\Editor\2020.3.12f1\Editor\Unity.exe
-adb2
-batchMode
-noUpm
-name
AssetImportWorker0
-projectPath
C:/Users/cegoh/Documents/GitHub/computergame_gce/Practical 2
-logFile
Logs/AssetImportWorker0.log
-srvPort
59540
Successfully changed project path to: C:/Users/cegoh/Documents/GitHub/computergame_gce/Practical 2
C:/Users/cegoh/Documents/GitHub/computergame_gce/Practical 2
Using Asset Import Pipeline V2.
Refreshing native plugins compatible for Editor in 64.48 ms, found 3 plugins.
Preloading 0 native plugins for Editor in 0.00 ms.
Initialize engine version: 2020.3.12f1 (b3b2c6512326)
[Subsystems] Discovering subsystems at path C:/Program Files/Unity/Hub/Editor/2020.3.12f1/Editor/Data/Resources/UnitySubsystems
[Subsystems] Discovering subsystems at path C:/Users/cegoh/Documents/GitHub/computergame_gce/Practical 2/Assets
GfxDevice: creating device client; threaded=0
Direct3D:
    Version:  Direct3D 11.0 [level 11.1]
    Renderer: NVIDIA GeForce GTX 1070 (ID=0x1b81)
    Vendor:   
    VRAM:     8088 MB
    Driver:   23.21.13.9125
Initialize mono
Mono path[0] = 'C:/Program Files/Unity/Hub/Editor/2020.3.12f1/Editor/Data/Managed'
Mono path[1] = 'C:/Program Files/Unity/Hub/Editor/2020.3.12f1/Editor/Data/MonoBleedingEdge/lib/mono/unityjit'
Mono config path = 'C:/Program Files/Unity/Hub/Editor/2020.3.12f1/Editor/Data/MonoBleedingEdge/etc'
Using monoOptions --debugger-agent=transport=dt_socket,embedding=1,server=y,suspend=n,address=127.0.0.1:56424
Begin MonoManager ReloadAssembly
Registering precompiled unity dll's ...
Register platform support module: C:/Program Files/Unity/Hub/Editor/2020.3.12f1/Editor/Data/PlaybackEngines/WindowsStandaloneSupport/UnityEditor.WindowsStandalone.Extensions.dll
Registered in 0.010593 seconds.
Native extension for WindowsStandalone target not found
Refreshing native plugins compatible for Editor in 61.92 ms, found 3 plugins.
Preloading 0 native plugins for Editor in 0.00 ms.
Unable to find bridge dll in registry for Microsoft Visual Studio Tools for Unity for C:\Program Files (x86)\Microsoft Visual Studio\2019\Community\Common7\IDE\devenv.exe
Mono: successfully reloaded assembly
- Completed reload, in  1.435 seconds
Platform modules already initialized, skipping
Registering precompiled user dll's ...
Registered in 0.015424 seconds.
Begin MonoManager ReloadAssembly
Native extension for WindowsStandalone target not found
Refreshing native plugins compatible for Editor in 47.82 ms, found 3 plugins.
Preloading 0 native plugins for Editor in 0.00 ms.
Mono: successfully reloaded assembly
- Completed reload, in  1.539 seconds
Platform modules already initialized, skipping
========================================================================
Worker process is ready to serve import requests
Launched and connected shader compiler UnityShaderCompiler.exe after 0.15 seconds
Refreshing native plugins compatible for Editor in 0.45 ms, found 3 plugins.
Preloading 0 native plugins for Editor in 0.00 ms.
Unloading 2097 Unused Serialized files (Serialized files now loaded: 0)
System memory in use before: 95.1 MB.
System memory in use after: 95.1 MB.

Unloading 32 unused Assets to reduce memory usage. Loaded Objects now: 2532.
Total: 2.334400 ms (FindLiveObjects: 0.250500 ms CreateObjectMapping: 0.087500 ms MarkObjects: 1.849800 ms  DeleteObjects: 0.145400 ms)

AssetImportParameters requested are different than current active one (requested -> active):
  custom:framework-win-MediaFoundation: 216162199b28c13a410421893ffa2e32 -> 
  custom:video-decoder-ogg-theora: a1e56fd34408186e4bbccfd4996cb3dc -> 
  custom:container-muxer-webm: aa71ff27fc2769a1b78a27578f13a17b -> 
  custom:container-demuxer-webm: 4f35f7cbe854078d1ac9338744f61a02 -> 
  custom:container-demuxer-ogg: 62fdf1f143b41e24485cea50d1cbac27 -> 
  custom:video-encoder-webm-vp8: eb34c28f22e8b96e1ab97ce403110664 -> 
  custom:video-codec-MediaFoundation-h265: 746d11721c4dcdbdad8f713fa42b33f4 -> 
  custom:video-decoder-webm-vp8: 9c59270c3fd7afecdb556c50c9e8de78 -> 
  custom:audio-decoder-ogg-vorbis: bf7c407c2cedff20999df2af8eb42d56 -> 
  custom:audio-encoder-webm-vorbis: bf7c407c2cedff20999df2af8eb42d56 -> 
========================================================================
Received Import Request.
  path: Assets/Animations/Player.controller
  artifactKey: Guid(2b6a0b730189ae74db4d2f23225840d2) Importer(815301076,1909f56bfc062723c751e8b465ee728b)
Start importing Assets/Animations/Player.controller using Guid(2b6a0b730189ae74db4d2f23225840d2) Importer(815301076,1909f56bfc062723c751e8b465ee728b)  -> (artifact id: '9b766b3cfa0ef4708200474e01f018b0') in 0.110794 seconds 
  Import took 0.114689 seconds .

========================================================================
Received Import Request.
  Time since last request: 465.078677 seconds.
  path: Assets/Scripts/GameController.cs
  artifactKey: Guid(b75ae467f2cc9ec4cabc07614a04dcee) Importer(815301076,1909f56bfc062723c751e8b465ee728b)
Start importing Assets/Scripts/GameController.cs using Guid(b75ae467f2cc9ec4cabc07614a04dcee) Importer(815301076,1909f56bfc062723c751e8b465ee728b)  -> (artifact id: '63522308bc9c5a191a362da55daeb702') in 0.039540 seconds 
  Import took 0.044133 seconds .

========================================================================
Received Prepare
Registering precompiled user dll's ...
Registered in 0.015988 seconds.
Begin MonoManager ReloadAssembly
Native extension for WindowsStandalone target not found
Refreshing native plugins compatible for Editor in 0.47 ms, found 3 plugins.
Preloading 0 native plugins for Editor in 0.00 ms.
Mono: successfully reloaded assembly
- Completed reload, in  2.296 seconds
Platform modules already initialized, skipping
Refreshing native plugins compatible for Editor in 0.54 ms, found 3 plugins.
Preloading 0 native plugins for Editor in 0.00 ms.
Unloading 2078 Unused Serialized files (Serialized files now loaded: 0)
System memory in use before: 93.7 MB.
System memory in use after: 93.8 MB.

Unloading 20 unused Assets to reduce memory usage. Loaded Objects now: 2536.
Total: 2.549300 ms (FindLiveObjects: 0.198000 ms CreateObjectMapping: 0.067200 ms MarkObjects: 2.158800 ms  DeleteObjects: 0.124500 ms)

AssetImportParameters requested are different than current active one (requested -> active):
  custom:framework-win-MediaFoundation: 216162199b28c13a410421893ffa2e32 -> 
  custom:video-decoder-ogg-theora: a1e56fd34408186e4bbccfd4996cb3dc -> 
  custom:container-muxer-webm: aa71ff27fc2769a1b78a27578f13a17b -> 
  custom:container-demuxer-webm: 4f35f7cbe854078d1ac9338744f61a02 -> 
  custom:container-demuxer-ogg: 62fdf1f143b41e24485cea50d1cbac27 -> 
  custom:video-encoder-webm-vp8: eb34c28f22e8b96e1ab97ce403110664 -> 
  custom:video-codec-MediaFoundation-h265: 746d11721c4dcdbdad8f713fa42b33f4 -> 
  custom:video-decoder-webm-vp8: 9c59270c3fd7afecdb556c50c9e8de78 -> 
  custom:audio-decoder-ogg-vorbis: bf7c407c2cedff20999df2af8eb42d56 -> 
  custom:audio-encoder-webm-vorbis: bf7c407c2cedff20999df2af8eb42d56 -> 
========================================================================
Received Prepare
Registering precompiled user dll's ...
Registered in 0.014497 seconds.
Begin MonoManager ReloadAssembly
Native extension for WindowsStandalone target not found
Refreshing native plugins compatible for Editor in 0.51 ms, found 3 plugins.
Preloading 0 native plugins for Editor in 0.00 ms.
Mono: successfully reloaded assembly
- Completed reload, in  1.530 seconds
Platform modules already initialized, skipping
Refreshing native plugins compatible for Editor in 0.54 ms, found 3 plugins.
Preloading 0 native plugins for Editor in 0.00 ms.
Unloading 2078 Unused Serialized files (Serialized files now loaded: 0)
System memory in use before: 93.8 MB.
System memory in use after: 93.8 MB.

Unloading 20 unused Assets to reduce memory usage. Loaded Objects now: 2540.
Total: 2.766800 ms (FindLiveObjects: 0.211700 ms CreateObjectMapping: 0.067500 ms MarkObjects: 2.378500 ms  DeleteObjects: 0.107800 ms)

AssetImportParameters requested are different than current active one (requested -> active):
  custom:framework-win-MediaFoundation: 216162199b28c13a410421893ffa2e32 -> 
  custom:video-decoder-ogg-theora: a1e56fd34408186e4bbccfd4996cb3dc -> 
  custom:container-muxer-webm: aa71ff27fc2769a1b78a27578f13a17b -> 
  custom:container-demuxer-webm: 4f35f7cbe854078d1ac9338744f61a02 -> 
  custom:container-demuxer-ogg: 62fdf1f143b41e24485cea50d1cbac27 -> 
  custom:video-encoder-webm-vp8: eb34c28f22e8b96e1ab97ce403110664 -> 
  custom:video-codec-MediaFoundation-h265: 746d11721c4dcdbdad8f713fa42b33f4 -> 
  custom:video-decoder-webm-vp8: 9c59270c3fd7afecdb556c50c9e8de78 -> 
  custom:audio-decoder-ogg-vorbis: bf7c407c2cedff20999df2af8eb42d56 -> 
  custom:audio-encoder-webm-vorbis: bf7c407c2cedff20999df2af8eb42d56 -> 
========================================================================
Received Import Request.
  Time since last request: 1983.300314 seconds.
  path: ProjectSettings/TagManager.asset
  artifactKey: Guid(00000000000000003000000000000000) Importer(815301076,1909f56bfc062723c751e8b465ee728b)
Start importing ProjectSettings/TagManager.asset using Guid(00000000000000003000000000000000) Importer(815301076,1909f56bfc062723c751e8b465ee728b)  -> (artifact id: '4c142e0d690a1b3d8346cd17822dfb32') in 0.031766 seconds 
  Import took 0.035683 seconds .

========================================================================
Received Prepare
Registering precompiled user dll's ...
Registered in 0.013755 seconds.
Begin MonoManager ReloadAssembly
Native extension for WindowsStandalone target not found
Refreshing native plugins compatible for Editor in 0.44 ms, found 3 plugins.
Preloading 0 native plugins for Editor in 0.00 ms.
Mono: successfully reloaded assembly
- Completed reload, in  1.323 seconds
Platform modules already initialized, skipping
Refreshing native plugins compatible for Editor in 0.74 ms, found 3 plugins.
Preloading 0 native plugins for Editor in 0.00 ms.
Unloading 2078 Unused Serialized files (Serialized files now loaded: 0)
System memory in use before: 93.8 MB.
System memory in use after: 93.8 MB.

Unloading 21 unused Assets to reduce memory usage. Loaded Objects now: 2544.
Total: 2.774900 ms (FindLiveObjects: 0.240300 ms CreateObjectMapping: 0.104500 ms MarkObjects: 2.319800 ms  DeleteObjects: 0.109100 ms)

AssetImportParameters requested are different than current active one (requested -> active):
  custom:framework-win-MediaFoundation: 216162199b28c13a410421893ffa2e32 -> 
  custom:video-decoder-ogg-theora: a1e56fd34408186e4bbccfd4996cb3dc -> 
  custom:container-muxer-webm: aa71ff27fc2769a1b78a27578f13a17b -> 
  custom:container-demuxer-webm: 4f35f7cbe854078d1ac9338744f61a02 -> 
  custom:container-demuxer-ogg: 62fdf1f143b41e24485cea50d1cbac27 -> 
  custom:video-encoder-webm-vp8: eb34c28f22e8b96e1ab97ce403110664 -> 
  custom:video-codec-MediaFoundation-h265: 746d11721c4dcdbdad8f713fa42b33f4 -> 
  custom:video-decoder-webm-vp8: 9c59270c3fd7afecdb556c50c9e8de78 -> 
  custom:audio-decoder-ogg-vorbis: bf7c407c2cedff20999df2af8eb42d56 -> 
  custom:audio-encoder-webm-vorbis: bf7c407c2cedff20999df2af8eb42d56 -> 
========================================================================
Received Prepare
Registering precompiled user dll's ...
Registered in 0.013353 seconds.
Begin MonoManager ReloadAssembly
Native extension for WindowsStandalone target not found
Refreshing native plugins compatible for Editor in 0.49 ms, found 3 plugins.
Preloading 0 native plugins for Editor in 0.00 ms.
Mono: successfully reloaded assembly
- Completed reload, in  1.397 seconds
Platform modules already initialized, skipping
Refreshing native plugins compatible for Editor in 0.70 ms, found 3 plugins.
Preloading 0 native plugins for Editor in 0.00 ms.
Unloading 2078 Unused Serialized files (Serialized files now loaded: 0)
System memory in use before: 93.8 MB.
System memory in use after: 93.8 MB.

Unloading 20 unused Assets to reduce memory usage. Loaded Objects now: 2548.
Total: 2.357100 ms (FindLiveObjects: 0.279600 ms CreateObjectMapping: 0.078200 ms MarkObjects: 1.868900 ms  DeleteObjects: 0.129300 ms)

AssetImportParameters requested are different than current active one (requested -> active):
  custom:framework-win-MediaFoundation: 216162199b28c13a410421893ffa2e32 -> 
  custom:video-decoder-ogg-theora: a1e56fd34408186e4bbccfd4996cb3dc -> 
  custom:container-muxer-webm: aa71ff27fc2769a1b78a27578f13a17b -> 
  custom:container-demuxer-webm: 4f35f7cbe854078d1ac9338744f61a02 -> 
  custom:container-demuxer-ogg: 62fdf1f143b41e24485cea50d1cbac27 -> 
  custom:video-encoder-webm-vp8: eb34c28f22e8b96e1ab97ce403110664 -> 
  custom:video-codec-MediaFoundation-h265: 746d11721c4dcdbdad8f713fa42b33f4 -> 
  custom:video-decoder-webm-vp8: 9c59270c3fd7afecdb556c50c9e8de78 -> 
  custom:audio-decoder-ogg-vorbis: bf7c407c2cedff20999df2af8eb42d56 -> 
  custom:audio-encoder-webm-vorbis: bf7c407c2cedff20999df2af8eb42d56 -> 
========================================================================
Received Prepare
Registering precompiled user dll's ...
Registered in 0.015509 seconds.
Begin MonoManager ReloadAssembly
Native extension for WindowsStandalone target not found
Refreshing native plugins compatible for Editor in 2.74 ms, found 3 plugins.
Preloading 0 native plugins for Editor in 0.00 ms.
Mono: successfully reloaded assembly
- Completed reload, in  1.748 seconds
Platform modules already initialized, skipping
Refreshing native plugins compatible for Editor in 1.43 ms, found 3 plugins.
Preloading 0 native plugins for Editor in 0.00 ms.
Unloading 2078 Unused Serialized files (Serialized files now loaded: 0)
System memory in use before: 93.8 MB.
System memory in use after: 93.9 MB.

Unloading 20 unused Assets to reduce memory usage. Loaded Objects now: 2552.
Total: 2.097800 ms (FindLiveObjects: 0.231100 ms CreateObjectMapping: 0.093300 ms MarkObjects: 1.684800 ms  DeleteObjects: 0.087200 ms)

AssetImportParameters requested are different than current active one (requested -> active):
  custom:framework-win-MediaFoundation: 216162199b28c13a410421893ffa2e32 -> 
  custom:video-decoder-ogg-theora: a1e56fd34408186e4bbccfd4996cb3dc -> 
  custom:container-muxer-webm: aa71ff27fc2769a1b78a27578f13a17b -> 
  custom:container-demuxer-webm: 4f35f7cbe854078d1ac9338744f61a02 -> 
  custom:container-demuxer-ogg: 62fdf1f143b41e24485cea50d1cbac27 -> 
  custom:video-encoder-webm-vp8: eb34c28f22e8b96e1ab97ce403110664 -> 
  custom:video-codec-MediaFoundation-h265: 746d11721c4dcdbdad8f713fa42b33f4 -> 
  custom:video-decoder-webm-vp8: 9c59270c3fd7afecdb556c50c9e8de78 -> 
  custom:audio-decoder-ogg-vorbis: bf7c407c2cedff20999df2af8eb42d56 -> 
  custom:audio-encoder-webm-vorbis: bf7c407c2cedff20999df2af8eb42d56 -> 
========================================================================
Received Import Request.
  Time since last request: 964.618813 seconds.
  path: Assets/Scripts/Collectible.cs
  artifactKey: Guid(866618e67c9f9b640b4168c08592a89d) Importer(815301076,1909f56bfc062723c751e8b465ee728b)
Start importing Assets/Scripts/Collectible.cs using Guid(866618e67c9f9b640b4168c08592a89d) Importer(815301076,1909f56bfc062723c751e8b465ee728b)  -> (artifact id: '661791c47ce500e99254d007092b0c2e') in 0.008023 seconds 
  Import took 0.011277 seconds .

========================================================================
Received Import Request.
  Time since last request: 241.103077 seconds.
  path: Assets/Prefabs/Gems Variant.prefab
  artifactKey: Guid(ced71e8f5d695f143a3acc76c1f465b9) Importer(815301076,1909f56bfc062723c751e8b465ee728b)
Start importing Assets/Prefabs/Gems Variant.prefab using Guid(ced71e8f5d695f143a3acc76c1f465b9) Importer(815301076,1909f56bfc062723c751e8b465ee728b)  -> (artifact id: 'f960ebfb774420b6b03c8ae734b74214') in 0.126242 seconds 
  Import took 0.132389 seconds .

========================================================================
Received Import Request.
  Time since last request: 70.595093 seconds.
  path: Assets/Prefabs/Gems Variant.prefab
  artifactKey: Guid(ced71e8f5d695f143a3acc76c1f465b9) Importer(815301076,1909f56bfc062723c751e8b465ee728b)
Start importing Assets/Prefabs/Gems Variant.prefab using Guid(ced71e8f5d695f143a3acc76c1f465b9) Importer(815301076,1909f56bfc062723c751e8b465ee728b)  -> (artifact id: '9891857e7bae5213a216226a6b72b813') in 0.021293 seconds 
  Import took 0.024775 seconds .

========================================================================
Received Import Request.
  Time since last request: 33.566206 seconds.
  path: Assets/Prefabs/Gems Variant.prefab
  artifactKey: Guid(ced71e8f5d695f143a3acc76c1f465b9) Importer(815301076,1909f56bfc062723c751e8b465ee728b)
Start importing Assets/Prefabs/Gems Variant.prefab using Guid(ced71e8f5d695f143a3acc76c1f465b9) Importer(815301076,1909f56bfc062723c751e8b465ee728b)  -> (artifact id: '37c7d82dc705856e818cd314f5e43e63') in 0.017669 seconds 
  Import took 0.021593 seconds .

========================================================================
Received Import Request.
  Time since last request: 0.003149 seconds.
  path: Assets/Prefabs/Gems Variant.prefab
  artifactKey: Guid(ced71e8f5d695f143a3acc76c1f465b9) Importer(815301076,1909f56bfc062723c751e8b465ee728b)
Start importing Assets/Prefabs/Gems Variant.prefab using Guid(ced71e8f5d695f143a3acc76c1f465b9) Importer(815301076,1909f56bfc062723c751e8b465ee728b)  -> (artifact id: '37c7d82dc705856e818cd314f5e43e63') in 0.018836 seconds 
  Import took 0.022425 seconds .

========================================================================
Received Import Request.
  Time since last request: 13.063743 seconds.
  path: Assets/Prefabs/Gems Variant.prefab
  artifactKey: Guid(ced71e8f5d695f143a3acc76c1f465b9) Importer(815301076,1909f56bfc062723c751e8b465ee728b)
Start importing Assets/Prefabs/Gems Variant.prefab using Guid(ced71e8f5d695f143a3acc76c1f465b9) Importer(815301076,1909f56bfc062723c751e8b465ee728b)  -> (artifact id: 'fc013398da6f193b990baa289c639588') in 0.019141 seconds 
  Import took 0.022870 seconds .

========================================================================
Received Import Request.
  Time since last request: 1.182731 seconds.
  path: Assets/Prefabs/Gems Variant.prefab
  artifactKey: Guid(ced71e8f5d695f143a3acc76c1f465b9) Importer(815301076,1909f56bfc062723c751e8b465ee728b)
Start importing Assets/Prefabs/Gems Variant.prefab using Guid(ced71e8f5d695f143a3acc76c1f465b9) Importer(815301076,1909f56bfc062723c751e8b465ee728b)  -> (artifact id: 'd179d3c56d48c0538ad6da6eb38b5c38') in 0.021840 seconds 
  Import took 0.025386 seconds .

========================================================================
Received Import Request.
  Time since last request: 36.927253 seconds.
  path: Assets/Prefabs/Gems (Green) Variant.prefab
  artifactKey: Guid(80cda5c10d8f9574b9b558a827cfe1ea) Importer(815301076,1909f56bfc062723c751e8b465ee728b)
Start importing Assets/Prefabs/Gems (Green) Variant.prefab using Guid(80cda5c10d8f9574b9b558a827cfe1ea) Importer(815301076,1909f56bfc062723c751e8b465ee728b)  -> (artifact id: '4f4808c138d08a3c2c5d77a37436f65a') in 0.022632 seconds 
  Import took 0.026681 seconds .

========================================================================
Received Import Request.
  Time since last request: 64.472449 seconds.
  path: Assets/Prefabs/Gems (Green) Variant.prefab
  artifactKey: Guid(80cda5c10d8f9574b9b558a827cfe1ea) Importer(815301076,1909f56bfc062723c751e8b465ee728b)
Start importing Assets/Prefabs/Gems (Green) Variant.prefab using Guid(80cda5c10d8f9574b9b558a827cfe1ea) Importer(815301076,1909f56bfc062723c751e8b465ee728b)  -> (artifact id: 'e973ac06b1b46723dec957957bebfbad') in 0.020645 seconds 
  Import took 0.025296 seconds .

========================================================================
Received Import Request.
  Time since last request: 3.444388 seconds.
  path: Assets/Prefabs/Gems (Green) Variant.prefab
  artifactKey: Guid(80cda5c10d8f9574b9b558a827cfe1ea) Importer(815301076,1909f56bfc062723c751e8b465ee728b)
Start importing Assets/Prefabs/Gems (Green) Variant.prefab using Guid(80cda5c10d8f9574b9b558a827cfe1ea) Importer(815301076,1909f56bfc062723c751e8b465ee728b)  -> (artifact id: '8dbc021e21e1e10ff1657ff3cbd0c618') in 0.019845 seconds 
  Import took 0.023366 seconds .

========================================================================
Received Import Request.
  Time since last request: 1.185782 seconds.
  path: Assets/Prefabs/Gems (Green) Variant.prefab
  artifactKey: Guid(80cda5c10d8f9574b9b558a827cfe1ea) Importer(815301076,1909f56bfc062723c751e8b465ee728b)
Start importing Assets/Prefabs/Gems (Green) Variant.prefab using Guid(80cda5c10d8f9574b9b558a827cfe1ea) Importer(815301076,1909f56bfc062723c751e8b465ee728b)  -> (artifact id: '3139bb5bd953c7d3d813691f2fc3272a') in 0.019197 seconds 
  Import took 0.023068 seconds .

========================================================================
Received Import Request.
  Time since last request: 1.617342 seconds.
  path: Assets/Prefabs/Gems (Green) Variant.prefab
  artifactKey: Guid(80cda5c10d8f9574b9b558a827cfe1ea) Importer(815301076,1909f56bfc062723c751e8b465ee728b)
Start importing Assets/Prefabs/Gems (Green) Variant.prefab using Guid(80cda5c10d8f9574b9b558a827cfe1ea) Importer(815301076,1909f56bfc062723c751e8b465ee728b)  -> (artifact id: 'e7fbb8dae99e1297e6f0f8ada6e7ce9f') in 0.019776 seconds 
  Import took 0.023854 seconds .

========================================================================
Received Import Request.
  Time since last request: 2.180148 seconds.
  path: Assets/Prefabs/Gems (Green) Variant.prefab
  artifactKey: Guid(80cda5c10d8f9574b9b558a827cfe1ea) Importer(815301076,1909f56bfc062723c751e8b465ee728b)
Start importing Assets/Prefabs/Gems (Green) Variant.prefab using Guid(80cda5c10d8f9574b9b558a827cfe1ea) Importer(815301076,1909f56bfc062723c751e8b465ee728b)  -> (artifact id: '01886244c93d44ab4fbe4a41420010f4') in 0.019385 seconds 
  Import took 0.022684 seconds .

========================================================================
Received Import Request.
  Time since last request: 1.013472 seconds.
  path: Assets/Prefabs/Gems (Green) Variant.prefab
  artifactKey: Guid(80cda5c10d8f9574b9b558a827cfe1ea) Importer(815301076,1909f56bfc062723c751e8b465ee728b)
Start importing Assets/Prefabs/Gems (Green) Variant.prefab using Guid(80cda5c10d8f9574b9b558a827cfe1ea) Importer(815301076,1909f56bfc062723c751e8b465ee728b)  -> (artifact id: 'a137c8421dfec04c57b384372f16a04b') in 0.018021 seconds 
  Import took 0.021756 seconds .

========================================================================
Received Import Request.
  Time since last request: 3.243521 seconds.
  path: Assets/Prefabs/Gems (Green) Variant.prefab
  artifactKey: Guid(80cda5c10d8f9574b9b558a827cfe1ea) Importer(815301076,1909f56bfc062723c751e8b465ee728b)
Start importing Assets/Prefabs/Gems (Green) Variant.prefab using Guid(80cda5c10d8f9574b9b558a827cfe1ea) Importer(815301076,1909f56bfc062723c751e8b465ee728b)  -> (artifact id: '563d49e78f154f998189f70eebb8c77d') in 0.018460 seconds 
  Import took 0.022460 seconds .

========================================================================
Received Import Request.
  Time since last request: 1.797295 seconds.
  path: Assets/Prefabs/Gems (Green) Variant.prefab
  artifactKey: Guid(80cda5c10d8f9574b9b558a827cfe1ea) Importer(815301076,1909f56bfc062723c751e8b465ee728b)
Start importing Assets/Prefabs/Gems (Green) Variant.prefab using Guid(80cda5c10d8f9574b9b558a827cfe1ea) Importer(815301076,1909f56bfc062723c751e8b465ee728b)  -> (artifact id: '0b48eb2a744a0ca2db07fd7a1a7120c8') in 0.020980 seconds 
  Import took 0.024924 seconds .

========================================================================
Received Import Request.
  Time since last request: 1.606307 seconds.
  path: Assets/Prefabs/Gems (Green) Variant.prefab
  artifactKey: Guid(80cda5c10d8f9574b9b558a827cfe1ea) Importer(815301076,1909f56bfc062723c751e8b465ee728b)
Start importing Assets/Prefabs/Gems (Green) Variant.prefab using Guid(80cda5c10d8f9574b9b558a827cfe1ea) Importer(815301076,1909f56bfc062723c751e8b465ee728b)  -> (artifact id: '0dfff29696f7c0c47dd954eaf5889a64') in 0.018427 seconds 
  Import took 0.021934 seconds .

========================================================================
Received Import Request.
  Time since last request: 2.803632 seconds.
  path: Assets/Prefabs/Gems (Green) Variant.prefab
  artifactKey: Guid(80cda5c10d8f9574b9b558a827cfe1ea) Importer(815301076,1909f56bfc062723c751e8b465ee728b)
Start importing Assets/Prefabs/Gems (Green) Variant.prefab using Guid(80cda5c10d8f9574b9b558a827cfe1ea) Importer(815301076,1909f56bfc062723c751e8b465ee728b)  -> (artifact id: 'ca8eaac0e7c9fa4d81ef5b90739bcf53') in 0.017632 seconds 
  Import took 0.021784 seconds .

========================================================================
Received Import Request.
  Time since last request: 7.513171 seconds.
  path: Assets/Prefabs/Gems (Green) Variant.prefab
  artifactKey: Guid(80cda5c10d8f9574b9b558a827cfe1ea) Importer(815301076,1909f56bfc062723c751e8b465ee728b)
Start importing Assets/Prefabs/Gems (Green) Variant.prefab using Guid(80cda5c10d8f9574b9b558a827cfe1ea) Importer(815301076,1909f56bfc062723c751e8b465ee728b)  -> (artifact id: 'bf20eca68722bbcac8bdaccc609bf892') in 0.019469 seconds 
  Import took 0.023200 seconds .

========================================================================
Received Import Request.
  Time since last request: 3.610285 seconds.
  path: Assets/Prefabs/Gems (Green) Variant.prefab
  artifactKey: Guid(80cda5c10d8f9574b9b558a827cfe1ea) Importer(815301076,1909f56bfc062723c751e8b465ee728b)
Start importing Assets/Prefabs/Gems (Green) Variant.prefab using Guid(80cda5c10d8f9574b9b558a827cfe1ea) Importer(815301076,1909f56bfc062723c751e8b465ee728b)  -> (artifact id: '0302b7d448c442db894650f1987fb7da') in 0.019316 seconds 
  Import took 0.022991 seconds .

========================================================================
Received Import Request.
  Time since last request: 180.891674 seconds.
  path: Assets/Prefabs/Gems (Blue) Variant.prefab
  artifactKey: Guid(f2945986a0bd8c044bd12081af110eee) Importer(815301076,1909f56bfc062723c751e8b465ee728b)
Start importing Assets/Prefabs/Gems (Blue) Variant.prefab using Guid(f2945986a0bd8c044bd12081af110eee) Importer(815301076,1909f56bfc062723c751e8b465ee728b)  -> (artifact id: 'e061858cbe316a8edc2d77d28097c5e5') in 0.020721 seconds 
  Import took 0.024564 seconds .

========================================================================
Received Import Request.
  Time since last request: 7.169212 seconds.
  path: Assets/Prefabs/Gems (Blue) Variant.prefab
  artifactKey: Guid(f2945986a0bd8c044bd12081af110eee) Importer(815301076,1909f56bfc062723c751e8b465ee728b)
Start importing Assets/Prefabs/Gems (Blue) Variant.prefab using Guid(f2945986a0bd8c044bd12081af110eee) Importer(815301076,1909f56bfc062723c751e8b465ee728b)  -> (artifact id: '7ac9b392938d35aef3c422560eb11f9d') in 0.020895 seconds 
  Import took 0.024407 seconds .

========================================================================
Received Import Request.
  Time since last request: 2.232212 seconds.
  path: Assets/Prefabs/Gems (Blue) Variant.prefab
  artifactKey: Guid(f2945986a0bd8c044bd12081af110eee) Importer(815301076,1909f56bfc062723c751e8b465ee728b)
Start importing Assets/Prefabs/Gems (Blue) Variant.prefab using Guid(f2945986a0bd8c044bd12081af110eee) Importer(815301076,1909f56bfc062723c751e8b465ee728b)  -> (artifact id: 'c2606d33bfec8074298f3d8cbf7074c0') in 0.019600 seconds 
  Import took 0.023006 seconds .

========================================================================
Received Import Request.
  Time since last request: 667.959149 seconds.
  path: Assets/Scripts/Collectible.cs
  artifactKey: Guid(866618e67c9f9b640b4168c08592a89d) Importer(815301076,1909f56bfc062723c751e8b465ee728b)
Start importing Assets/Scripts/Collectible.cs using Guid(866618e67c9f9b640b4168c08592a89d) Importer(815301076,1909f56bfc062723c751e8b465ee728b)  -> (artifact id: '2edd43e5b723f1179c045dddd612ce6c') in 0.008851 seconds 
  Import took 0.016343 seconds .

========================================================================
Received Import Request.
  Time since last request: 0.019175 seconds.
  path: Assets/Scripts/Collectible.cs
  artifactKey: Guid(866618e67c9f9b640b4168c08592a89d) Importer(815301076,1909f56bfc062723c751e8b465ee728b)
Start importing Assets/Scripts/Collectible.cs using Guid(866618e67c9f9b640b4168c08592a89d) Importer(815301076,1909f56bfc062723c751e8b465ee728b)  -> (artifact id: '2edd43e5b723f1179c045dddd612ce6c') in 0.034933 seconds 
  Import took 0.039860 seconds .

========================================================================
Received Import Request.
  Time since last request: 167.667382 seconds.
  path: Assets/Scripts/Collectible.cs
  artifactKey: Guid(866618e67c9f9b640b4168c08592a89d) Importer(815301076,1909f56bfc062723c751e8b465ee728b)
Start importing Assets/Scripts/Collectible.cs using Guid(866618e67c9f9b640b4168c08592a89d) Importer(815301076,1909f56bfc062723c751e8b465ee728b)  -> (artifact id: 'ad595ed9af683fd66ad9647cbff4e826') in 1.492802 seconds 
  Import took 1.499763 seconds .

========================================================================
Received Import Request.
  Time since last request: 369.801242 seconds.
  path: Assets/Scripts/GameController.cs
  artifactKey: Guid(b75ae467f2cc9ec4cabc07614a04dcee) Importer(815301076,1909f56bfc062723c751e8b465ee728b)
Start importing Assets/Scripts/GameController.cs using Guid(b75ae467f2cc9ec4cabc07614a04dcee) Importer(815301076,1909f56bfc062723c751e8b465ee728b)  -> (artifact id: 'a1ba858640257bff884f1fe701fd6b35') in 0.009980 seconds 
  Import took 0.014912 seconds .

========================================================================
Received Import Request.
  Time since last request: 0.013689 seconds.
  path: Assets/Scripts/GameController.cs
  artifactKey: Guid(b75ae467f2cc9ec4cabc07614a04dcee) Importer(815301076,1909f56bfc062723c751e8b465ee728b)
Start importing Assets/Scripts/GameController.cs using Guid(b75ae467f2cc9ec4cabc07614a04dcee) Importer(815301076,1909f56bfc062723c751e8b465ee728b)  -> (artifact id: 'a1ba858640257bff884f1fe701fd6b35') in 0.007271 seconds 
  Import took 0.012603 seconds .

========================================================================
Received Import Request.
  Time since last request: 270.604929 seconds.
  path: Assets/Prefabs/Gems (Green).prefab
  artifactKey: Guid(e8b26102af6612f4385c90f2d2625a50) Importer(815301076,1909f56bfc062723c751e8b465ee728b)
Start importing Assets/Prefabs/Gems (Green).prefab using Guid(e8b26102af6612f4385c90f2d2625a50) Importer(815301076,1909f56bfc062723c751e8b465ee728b)  -> (artifact id: '09ecb67c4fc0dcb6806d4aacb5d36d23') in 0.026260 seconds 
  Import took 0.030453 seconds .

========================================================================
Received Import Request.
  Time since last request: 23.302387 seconds.
  path: Assets/Prefabs/Gems (Green).prefab
  artifactKey: Guid(e8b26102af6612f4385c90f2d2625a50) Importer(815301076,1909f56bfc062723c751e8b465ee728b)
Start importing Assets/Prefabs/Gems (Green).prefab using Guid(e8b26102af6612f4385c90f2d2625a50) Importer(815301076,1909f56bfc062723c751e8b465ee728b)  -> (artifact id: '05769d1bd13d5b475a706003346987e9') in 0.021920 seconds 
  Import took 0.026543 seconds .

========================================================================
Received Import Request.
  Time since last request: 15.913876 seconds.
  path: Assets/Prefabs/Gems (Blue).prefab
  artifactKey: Guid(c71500bd97a451249a9a62ce392d1f9f) Importer(815301076,1909f56bfc062723c751e8b465ee728b)
Start importing Assets/Prefabs/Gems (Blue).prefab using Guid(c71500bd97a451249a9a62ce392d1f9f) Importer(815301076,1909f56bfc062723c751e8b465ee728b)  -> (artifact id: 'a1382522b5344030f6e95fd95fc2b996') in 0.022194 seconds 
  Import took 0.026715 seconds .

========================================================================
Received Import Request.
  Time since last request: 17.201985 seconds.
  path: Assets/Prefabs/Gems (Blue) 1.prefab
  artifactKey: Guid(56ba005048aa2084ebc855182ce17ada) Importer(815301076,1909f56bfc062723c751e8b465ee728b)
Start importing Assets/Prefabs/Gems (Blue) 1.prefab using Guid(56ba005048aa2084ebc855182ce17ada) Importer(815301076,1909f56bfc062723c751e8b465ee728b)  -> (artifact id: '56fec64c6f5962a60680c4710ba73c56') in 0.067574 seconds 
  Import took 0.071972 seconds .

========================================================================
Received Import Request.
  Time since last request: 9.668070 seconds.
  path: Assets/Prefabs/Gems (Blue) 1.prefab
  artifactKey: Guid(56ba005048aa2084ebc855182ce17ada) Importer(815301076,1909f56bfc062723c751e8b465ee728b)
Start importing Assets/Prefabs/Gems (Blue) 1.prefab using Guid(56ba005048aa2084ebc855182ce17ada) Importer(815301076,1909f56bfc062723c751e8b465ee728b)  -> (artifact id: 'dbe792725f08c07aabf21581cf9afa32') in 1.050073 seconds 
  Import took 1.056125 seconds .

========================================================================
Received Import Request.
  Time since last request: 10.609358 seconds.
  path: Assets/Prefabs/Gems (Blue) 1.prefab
  artifactKey: Guid(56ba005048aa2084ebc855182ce17ada) Importer(815301076,1909f56bfc062723c751e8b465ee728b)
Start importing Assets/Prefabs/Gems (Blue) 1.prefab using Guid(56ba005048aa2084ebc855182ce17ada) Importer(815301076,1909f56bfc062723c751e8b465ee728b)  -> (artifact id: 'eece0d6435b7219a2a67da1d8406f9aa') in 0.018651 seconds 
  Import took 0.023104 seconds .

========================================================================
Received Import Request.
  Time since last request: 6.803647 seconds.
  path: Assets/Prefabs/Gems (Blue).prefab
  artifactKey: Guid(56ba005048aa2084ebc855182ce17ada) Importer(815301076,1909f56bfc062723c751e8b465ee728b)
Start importing Assets/Prefabs/Gems (Blue).prefab using Guid(56ba005048aa2084ebc855182ce17ada) Importer(815301076,1909f56bfc062723c751e8b465ee728b)  -> (artifact id: 'eea947f11b77793db3b3702578383b78') in 0.020103 seconds 
  Import took 0.024363 seconds .

========================================================================
Received Import Request.
  Time since last request: 542.039439 seconds.
  path: ProjectSettings/TagManager.asset
  artifactKey: Guid(00000000000000003000000000000000) Importer(815301076,1909f56bfc062723c751e8b465ee728b)
Start importing ProjectSettings/TagManager.asset using Guid(00000000000000003000000000000000) Importer(815301076,1909f56bfc062723c751e8b465ee728b)  -> (artifact id: '4e96a1a8e87f277500ec671eebf79fe1') in 0.009661 seconds 
  Import took 0.014604 seconds .

========================================================================
Received Import Request.
  Time since last request: 0.001347 seconds.
  path: ProjectSettings/TagManager.asset
  artifactKey: Guid(00000000000000003000000000000000) Importer(815301076,1909f56bfc062723c751e8b465ee728b)
Start importing ProjectSettings/TagManager.asset using Guid(00000000000000003000000000000000) Importer(815301076,1909f56bfc062723c751e8b465ee728b)  -> (artifact id: '4e96a1a8e87f277500ec671eebf79fe1') in 0.009454 seconds 
  Import took 0.014027 seconds .

AssetImportWorkerClient::OnTransportError - code=2 error=End of file
